<?xml version="1.0" encoding="UTF-8"?>
<coverage generated="1735051890693" clover="3.2.0">
  <project timestamp="1735051890693" name="All files">
    <metrics statements="40" coveredstatements="36" conditionals="20" coveredconditionals="14" methods="27" coveredmethods="27" elements="87" coveredelements="77" complexity="0" loc="40" ncloc="40" packages="6" files="6" classes="6"/>
    <package name="domain.service.auth">
      <metrics statements="10" coveredstatements="6" conditionals="9" coveredconditionals="3" methods="2" coveredmethods="2"/>
      <file name="checkCredentials.ts" path="C:\Users\code\back-end-test\src\domain\service\auth\checkCredentials.ts">
        <metrics statements="10" coveredstatements="6" conditionals="9" coveredconditionals="3" methods="2" coveredmethods="2"/>
        <line num="2" count="1" type="stmt"/>
        <line num="10" count="1" type="stmt"/>
        <line num="11" count="1" type="stmt"/>
        <line num="12" count="1" type="cond" truecount="1" falsecount="0"/>
        <line num="31" count="1" type="cond" truecount="2" falsecount="1"/>
        <line num="32" count="1" type="stmt"/>
        <line num="35" count="0" type="cond" truecount="0" falsecount="4"/>
        <line num="37" count="0" type="cond" truecount="0" falsecount="1"/>
        <line num="38" count="0" type="stmt"/>
        <line num="41" count="0" type="stmt"/>
      </file>
    </package>
    <package name="domain.service.taskCategory">
      <metrics statements="8" coveredstatements="8" conditionals="2" coveredconditionals="2" methods="6" coveredmethods="6"/>
      <file name="category.ts" path="C:\Users\code\back-end-test\src\domain\service\taskCategory\category.ts">
        <metrics statements="8" coveredstatements="8" conditionals="2" coveredconditionals="2" methods="6" coveredmethods="6"/>
        <line num="7" count="1" type="stmt"/>
        <line num="8" count="1" type="stmt"/>
        <line num="9" count="1" type="cond" truecount="2" falsecount="0"/>
        <line num="22" count="1" type="stmt"/>
        <line num="23" count="1" type="stmt"/>
        <line num="24" count="1" type="stmt"/>
        <line num="26" count="1" type="stmt"/>
        <line num="33" count="1" type="stmt"/>
      </file>
    </package>
    <package name="domain.service.taskStatus">
      <metrics statements="8" coveredstatements="8" conditionals="2" coveredconditionals="2" methods="6" coveredmethods="6"/>
      <file name="status.ts" path="C:\Users\code\back-end-test\src\domain\service\taskStatus\status.ts">
        <metrics statements="8" coveredstatements="8" conditionals="2" coveredconditionals="2" methods="6" coveredmethods="6"/>
        <line num="7" count="1" type="stmt"/>
        <line num="8" count="1" type="stmt"/>
        <line num="9" count="1" type="cond" truecount="2" falsecount="0"/>
        <line num="22" count="1" type="stmt"/>
        <line num="23" count="1" type="stmt"/>
        <line num="24" count="1" type="stmt"/>
        <line num="26" count="1" type="stmt"/>
        <line num="33" count="1" type="stmt"/>
      </file>
    </package>
    <package name="domain.service.tasks">
      <metrics statements="7" coveredstatements="7" conditionals="3" coveredconditionals="3" methods="6" coveredmethods="6"/>
      <file name="tasks.ts" path="C:\Users\code\back-end-test\src\domain\service\tasks\tasks.ts">
        <metrics statements="7" coveredstatements="7" conditionals="3" coveredconditionals="3" methods="6" coveredmethods="6"/>
        <line num="5" count="1" type="stmt"/>
        <line num="6" count="1" type="stmt"/>
        <line num="7" count="1" type="cond" truecount="2" falsecount="0"/>
        <line num="12" count="1" type="stmt"/>
        <line num="13" count="1" type="stmt"/>
        <line num="14" count="1" type="stmt"/>
        <line num="16" count="1" type="cond" truecount="1" falsecount="0"/>
      </file>
    </package>
    <package name="domain.service.vote">
      <metrics statements="6" coveredstatements="6" conditionals="4" coveredconditionals="4" methods="6" coveredmethods="6"/>
      <file name="vote.ts" path="C:\Users\code\back-end-test\src\domain\service\vote\vote.ts">
        <metrics statements="6" coveredstatements="6" conditionals="4" coveredconditionals="4" methods="6" coveredmethods="6"/>
        <line num="7" count="1" type="stmt"/>
        <line num="8" count="1" type="stmt"/>
        <line num="9" count="1" type="cond" truecount="2" falsecount="0"/>
        <line num="16" count="1" type="stmt"/>
        <line num="17" count="1" type="stmt"/>
        <line num="18" count="1" type="cond" truecount="2" falsecount="0"/>
      </file>
    </package>
    <package name="utils">
      <metrics statements="1" coveredstatements="1" conditionals="0" coveredconditionals="0" methods="1" coveredmethods="1"/>
      <file name="tests.ts" path="C:\Users\code\back-end-test\src\utils\tests.ts">
        <metrics statements="1" coveredstatements="1" conditionals="0" coveredconditionals="0" methods="1" coveredmethods="1"/>
        <line num="3" count="9" type="stmt"/>
      </file>
    </package>
  </project>
</coverage>
