{"C:\\Users\\code\\back-end-test\\src\\domain\\service\\auth\\checkCredentials.ts": {"path":"C:\\Users\\code\\back-end-test\\src\\domain\\service\\auth\\checkCredentials.ts","statementMap":{"0":{"start":{"line":2,"column":0},"end":{"line":2,"column":33}},"1":{"start":{"line":10,"column":37},"end":{"line":43,"column":1}},"2":{"start":{"line":10,"column":53},"end":{"line":10,"column":63}},"3":{"start":{"line":11,"column":2},"end":{"line":42,"column":null}},"4":{"start":{"line":11,"column":9},"end":{"line":42,"column":null}},"5":{"start":{"line":11,"column":22},"end":{"line":11,"column":24}},"6":{"start":{"line":11,"column":32},"end":{"line":11,"column":33}},"7":{"start":{"line":12,"column":17},"end":{"line":29,"column":null}},"8":{"start":{"line":12,"column":10},"end":{"line":29,"column":null}},"9":{"start":{"line":31,"column":4},"end":{"line":33,"column":5}},"10":{"start":{"line":32,"column":6},"end":{"line":32,"column":null}},"11":{"start":{"line":35,"column":26},"end":{"line":35,"column":null}},"12":{"start":{"line":35,"column":10},"end":{"line":35,"column":null}},"13":{"start":{"line":37,"column":4},"end":{"line":39,"column":5}},"14":{"start":{"line":38,"column":6},"end":{"line":38,"column":null}},"15":{"start":{"line":41,"column":4},"end":{"line":41,"column":null}},"16":{"start":{"line":10,"column":13},"end":{"line":10,"column":37}}},"fnMap":{"0":{"name":"(anonymous_22)","decl":{"start":{"line":10,"column":37},"end":{"line":10,"column":38}},"loc":{"start":{"line":10,"column":63},"end":{"line":43,"column":1}}},"1":{"name":"(anonymous_23)","decl":{"start":{"line":11,"column":9},"end":{"line":11,"column":16}},"loc":{"start":{"line":11,"column":9},"end":{"line":42,"column":null}}}},"branchMap":{"0":{"loc":{"start":{"line":12,"column":17},"end":{"line":29,"column":null}},"type":"switch","locations":[{"start":{"line":12,"column":17},"end":{"line":29,"column":null}}]},"1":{"loc":{"start":{"line":31,"column":4},"end":{"line":33,"column":5}},"type":"if","locations":[{"start":{"line":31,"column":4},"end":{"line":33,"column":5}}]},"2":{"loc":{"start":{"line":31,"column":8},"end":{"line":31,"column":31}},"type":"binary-expr","locations":[{"start":{"line":31,"column":8},"end":{"line":31,"column":13}},{"start":{"line":31,"column":17},"end":{"line":31,"column":31}}]},"3":{"loc":{"start":{"line":35,"column":57},"end":{"line":35,"column":71}},"type":"cond-expr","locations":[{"start":{"line":35,"column":61},"end":{"line":35,"column":63}},{"start":{"line":35,"column":57},"end":{"line":35,"column":71}}]},"4":{"loc":{"start":{"line":35,"column":57},"end":{"line":35,"column":63}},"type":"binary-expr","locations":[{"start":{"line":35,"column":57},"end":{"line":35,"column":63}},{"start":{"line":35,"column":57},"end":{"line":35,"column":63}}]},"5":{"loc":{"start":{"line":37,"column":4},"end":{"line":39,"column":5}},"type":"if","locations":[{"start":{"line":37,"column":4},"end":{"line":39,"column":5}}]}},"s":{"0":1,"1":1,"2":1,"3":1,"4":1,"5":1,"6":1,"7":1,"8":1,"9":1,"10":1,"11":0,"12":0,"13":0,"14":0,"15":0,"16":1},"f":{"0":1,"1":2},"b":{"0":[1],"1":[1],"2":[1,0],"3":[0,0],"4":[0,0],"5":[0]}}
,"C:\\Users\\code\\back-end-test\\src\\domain\\service\\taskCategory\\category.ts": {"path":"C:\\Users\\code\\back-end-test\\src\\domain\\service\\taskCategory\\category.ts","statementMap":{"0":{"start":{"line":7,"column":39},"end":{"line":11,"column":1}},"1":{"start":{"line":7,"column":64},"end":{"line":7,"column":75}},"2":{"start":{"line":8,"column":2},"end":{"line":10,"column":4}},"3":{"start":{"line":8,"column":51},"end":{"line":10,"column":4}},"4":{"start":{"line":9,"column":11},"end":{"line":9,"column":53}},"5":{"start":{"line":9,"column":4},"end":{"line":9,"column":53}},"6":{"start":{"line":7,"column":13},"end":{"line":7,"column":39}},"7":{"start":{"line":22,"column":41},"end":{"line":35,"column":1}},"8":{"start":{"line":22,"column":66},"end":{"line":22,"column":77}},"9":{"start":{"line":23,"column":2},"end":{"line":34,"column":4}},"10":{"start":{"line":23,"column":50},"end":{"line":34,"column":4}},"11":{"start":{"line":24,"column":12},"end":{"line":24,"column":43}},"12":{"start":{"line":26,"column":27},"end":{"line":31,"column":null}},"13":{"start":{"line":26,"column":10},"end":{"line":31,"column":null}},"14":{"start":{"line":33,"column":4},"end":{"line":33,"column":26}},"15":{"start":{"line":22,"column":13},"end":{"line":22,"column":41}}},"fnMap":{"0":{"name":"(anonymous_13)","decl":{"start":{"line":7,"column":39},"end":{"line":7,"column":40}},"loc":{"start":{"line":7,"column":75},"end":{"line":11,"column":1}}},"1":{"name":"(anonymous_14)","decl":{"start":{"line":8,"column":9},"end":{"line":8,"column":16}},"loc":{"start":{"line":8,"column":51},"end":{"line":10,"column":4}}},"2":{"name":"(anonymous_15)","decl":{"start":{"line":8,"column":51},"end":{"line":8,"column":null}},"loc":{"start":{"line":8,"column":51},"end":{"line":10,"column":4}}},"3":{"name":"(anonymous_17)","decl":{"start":{"line":22,"column":41},"end":{"line":22,"column":42}},"loc":{"start":{"line":22,"column":77},"end":{"line":35,"column":1}}},"4":{"name":"(anonymous_18)","decl":{"start":{"line":23,"column":9},"end":{"line":23,"column":16}},"loc":{"start":{"line":23,"column":50},"end":{"line":34,"column":4}}},"5":{"name":"(anonymous_19)","decl":{"start":{"line":23,"column":50},"end":{"line":23,"column":null}},"loc":{"start":{"line":23,"column":50},"end":{"line":34,"column":4}}}},"branchMap":{"0":{"loc":{"start":{"line":9,"column":11},"end":{"line":9,"column":53}},"type":"switch","locations":[{"start":{"line":9,"column":11},"end":{"line":9,"column":53}},{"start":{"line":9,"column":4},"end":{"line":9,"column":53}}]}},"s":{"0":1,"1":1,"2":1,"3":1,"4":1,"5":1,"6":1,"7":1,"8":1,"9":1,"10":1,"11":1,"12":1,"13":1,"14":1,"15":1},"f":{"0":1,"1":1,"2":1,"3":1,"4":1,"5":1},"b":{"0":[1,1]}}
,"C:\\Users\\code\\back-end-test\\src\\domain\\service\\taskStatus\\status.ts": {"path":"C:\\Users\\code\\back-end-test\\src\\domain\\service\\taskStatus\\status.ts","statementMap":{"0":{"start":{"line":7,"column":37},"end":{"line":11,"column":1}},"1":{"start":{"line":7,"column":59},"end":{"line":7,"column":69}},"2":{"start":{"line":8,"column":2},"end":{"line":10,"column":null}},"3":{"start":{"line":8,"column":49},"end":{"line":10,"column":null}},"4":{"start":{"line":9,"column":11},"end":{"line":9,"column":null}},"5":{"start":{"line":9,"column":4},"end":{"line":9,"column":null}},"6":{"start":{"line":7,"column":13},"end":{"line":7,"column":37}},"7":{"start":{"line":22,"column":39},"end":{"line":35,"column":1}},"8":{"start":{"line":22,"column":62},"end":{"line":22,"column":73}},"9":{"start":{"line":23,"column":2},"end":{"line":34,"column":4}},"10":{"start":{"line":23,"column":48},"end":{"line":34,"column":4}},"11":{"start":{"line":24,"column":12},"end":{"line":24,"column":43}},"12":{"start":{"line":26,"column":25},"end":{"line":31,"column":null}},"13":{"start":{"line":26,"column":10},"end":{"line":31,"column":null}},"14":{"start":{"line":33,"column":4},"end":{"line":33,"column":24}},"15":{"start":{"line":22,"column":13},"end":{"line":22,"column":39}}},"fnMap":{"0":{"name":"(anonymous_13)","decl":{"start":{"line":7,"column":37},"end":{"line":7,"column":38}},"loc":{"start":{"line":7,"column":69},"end":{"line":11,"column":1}}},"1":{"name":"(anonymous_14)","decl":{"start":{"line":8,"column":9},"end":{"line":8,"column":16}},"loc":{"start":{"line":8,"column":49},"end":{"line":10,"column":null}}},"2":{"name":"(anonymous_15)","decl":{"start":{"line":8,"column":49},"end":{"line":8,"column":null}},"loc":{"start":{"line":8,"column":49},"end":{"line":10,"column":null}}},"3":{"name":"(anonymous_17)","decl":{"start":{"line":22,"column":39},"end":{"line":22,"column":40}},"loc":{"start":{"line":22,"column":73},"end":{"line":35,"column":1}}},"4":{"name":"(anonymous_18)","decl":{"start":{"line":23,"column":9},"end":{"line":23,"column":16}},"loc":{"start":{"line":23,"column":48},"end":{"line":34,"column":4}}},"5":{"name":"(anonymous_19)","decl":{"start":{"line":23,"column":48},"end":{"line":23,"column":null}},"loc":{"start":{"line":23,"column":48},"end":{"line":34,"column":4}}}},"branchMap":{"0":{"loc":{"start":{"line":9,"column":11},"end":{"line":9,"column":null}},"type":"switch","locations":[{"start":{"line":9,"column":11},"end":{"line":9,"column":null}},{"start":{"line":9,"column":4},"end":{"line":9,"column":null}}]}},"s":{"0":1,"1":1,"2":1,"3":1,"4":1,"5":1,"6":1,"7":1,"8":1,"9":1,"10":1,"11":1,"12":1,"13":1,"14":1,"15":1},"f":{"0":1,"1":1,"2":1,"3":1,"4":1,"5":1},"b":{"0":[1,1]}}
,"C:\\Users\\code\\back-end-test\\src\\domain\\service\\tasks\\tasks.ts": {"path":"C:\\Users\\code\\back-end-test\\src\\domain\\service\\tasks\\tasks.ts","statementMap":{"0":{"start":{"line":5,"column":31},"end":{"line":9,"column":1}},"1":{"start":{"line":5,"column":48},"end":{"line":5,"column":59}},"2":{"start":{"line":6,"column":2},"end":{"line":8,"column":4}},"3":{"start":{"line":6,"column":43},"end":{"line":8,"column":4}},"4":{"start":{"line":7,"column":11},"end":{"line":7,"column":45}},"5":{"start":{"line":7,"column":4},"end":{"line":7,"column":45}},"6":{"start":{"line":5,"column":13},"end":{"line":5,"column":31}},"7":{"start":{"line":12,"column":32},"end":{"line":18,"column":1}},"8":{"start":{"line":12,"column":49},"end":{"line":12,"column":60}},"9":{"start":{"line":13,"column":2},"end":{"line":17,"column":4}},"10":{"start":{"line":13,"column":47},"end":{"line":17,"column":4}},"11":{"start":{"line":14,"column":12},"end":{"line":14,"column":43}},"12":{"start":{"line":16,"column":11},"end":{"line":16,"column":69}},"13":{"start":{"line":16,"column":4},"end":{"line":16,"column":69}},"14":{"start":{"line":12,"column":13},"end":{"line":12,"column":32}}},"fnMap":{"0":{"name":"(anonymous_13)","decl":{"start":{"line":5,"column":31},"end":{"line":5,"column":32}},"loc":{"start":{"line":5,"column":59},"end":{"line":9,"column":1}}},"1":{"name":"(anonymous_14)","decl":{"start":{"line":6,"column":9},"end":{"line":6,"column":16}},"loc":{"start":{"line":6,"column":43},"end":{"line":8,"column":4}}},"2":{"name":"(anonymous_15)","decl":{"start":{"line":6,"column":43},"end":{"line":6,"column":null}},"loc":{"start":{"line":6,"column":43},"end":{"line":8,"column":4}}},"3":{"name":"(anonymous_17)","decl":{"start":{"line":12,"column":32},"end":{"line":12,"column":33}},"loc":{"start":{"line":12,"column":60},"end":{"line":18,"column":1}}},"4":{"name":"(anonymous_18)","decl":{"start":{"line":13,"column":9},"end":{"line":13,"column":16}},"loc":{"start":{"line":13,"column":47},"end":{"line":17,"column":4}}},"5":{"name":"(anonymous_19)","decl":{"start":{"line":13,"column":47},"end":{"line":13,"column":null}},"loc":{"start":{"line":13,"column":47},"end":{"line":17,"column":4}}}},"branchMap":{"0":{"loc":{"start":{"line":7,"column":11},"end":{"line":7,"column":45}},"type":"switch","locations":[{"start":{"line":7,"column":11},"end":{"line":7,"column":45}},{"start":{"line":7,"column":4},"end":{"line":7,"column":45}}]},"1":{"loc":{"start":{"line":16,"column":4},"end":{"line":16,"column":69}},"type":"switch","locations":[{"start":{"line":16,"column":4},"end":{"line":16,"column":69}}]}},"s":{"0":1,"1":1,"2":1,"3":1,"4":1,"5":1,"6":1,"7":1,"8":1,"9":1,"10":1,"11":1,"12":1,"13":1,"14":1},"f":{"0":1,"1":1,"2":1,"3":1,"4":1,"5":1},"b":{"0":[1,1],"1":[1]}}
,"C:\\Users\\code\\back-end-test\\src\\domain\\service\\vote\\vote.ts": {"path":"C:\\Users\\code\\back-end-test\\src\\domain\\service\\vote\\vote.ts","statementMap":{"0":{"start":{"line":7,"column":31},"end":{"line":11,"column":1}},"1":{"start":{"line":7,"column":47},"end":{"line":7,"column":57}},"2":{"start":{"line":8,"column":2},"end":{"line":10,"column":null}},"3":{"start":{"line":8,"column":43},"end":{"line":10,"column":null}},"4":{"start":{"line":9,"column":11},"end":{"line":9,"column":null}},"5":{"start":{"line":9,"column":4},"end":{"line":9,"column":null}},"6":{"start":{"line":7,"column":13},"end":{"line":7,"column":31}},"7":{"start":{"line":16,"column":31},"end":{"line":20,"column":1}},"8":{"start":{"line":16,"column":47},"end":{"line":16,"column":57}},"9":{"start":{"line":17,"column":2},"end":{"line":19,"column":null}},"10":{"start":{"line":17,"column":43},"end":{"line":19,"column":null}},"11":{"start":{"line":18,"column":11},"end":{"line":18,"column":null}},"12":{"start":{"line":18,"column":4},"end":{"line":18,"column":null}},"13":{"start":{"line":16,"column":13},"end":{"line":16,"column":31}}},"fnMap":{"0":{"name":"(anonymous_13)","decl":{"start":{"line":7,"column":31},"end":{"line":7,"column":32}},"loc":{"start":{"line":7,"column":57},"end":{"line":11,"column":1}}},"1":{"name":"(anonymous_14)","decl":{"start":{"line":8,"column":9},"end":{"line":8,"column":16}},"loc":{"start":{"line":8,"column":43},"end":{"line":10,"column":null}}},"2":{"name":"(anonymous_15)","decl":{"start":{"line":8,"column":43},"end":{"line":8,"column":null}},"loc":{"start":{"line":8,"column":43},"end":{"line":10,"column":null}}},"3":{"name":"(anonymous_17)","decl":{"start":{"line":16,"column":31},"end":{"line":16,"column":32}},"loc":{"start":{"line":16,"column":57},"end":{"line":20,"column":1}}},"4":{"name":"(anonymous_18)","decl":{"start":{"line":17,"column":9},"end":{"line":17,"column":16}},"loc":{"start":{"line":17,"column":43},"end":{"line":19,"column":null}}},"5":{"name":"(anonymous_19)","decl":{"start":{"line":17,"column":43},"end":{"line":17,"column":null}},"loc":{"start":{"line":17,"column":43},"end":{"line":19,"column":null}}}},"branchMap":{"0":{"loc":{"start":{"line":9,"column":11},"end":{"line":9,"column":null}},"type":"switch","locations":[{"start":{"line":9,"column":11},"end":{"line":9,"column":null}},{"start":{"line":9,"column":4},"end":{"line":9,"column":null}}]},"1":{"loc":{"start":{"line":18,"column":11},"end":{"line":18,"column":null}},"type":"switch","locations":[{"start":{"line":18,"column":11},"end":{"line":18,"column":null}},{"start":{"line":18,"column":4},"end":{"line":18,"column":null}}]}},"s":{"0":1,"1":1,"2":1,"3":1,"4":1,"5":1,"6":1,"7":1,"8":1,"9":1,"10":1,"11":1,"12":1,"13":1},"f":{"0":1,"1":1,"2":1,"3":1,"4":1,"5":1},"b":{"0":[1,1],"1":[1,1]}}
,"C:\\Users\\code\\back-end-test\\src\\utils\\tests.ts": {"path":"C:\\Users\\code\\back-end-test\\src\\utils\\tests.ts","statementMap":{"0":{"start":{"line":3,"column":32},"end":{"line":3,"column":48}},"1":{"start":{"line":3,"column":47},"end":{"line":28,"column":3}},"2":{"start":{"line":3,"column":13},"end":{"line":3,"column":32}}},"fnMap":{"0":{"name":"(anonymous_0)","decl":{"start":{"line":3,"column":32},"end":{"line":3,"column":47}},"loc":{"start":{"line":3,"column":32},"end":{"line":3,"column":48}}}},"branchMap":{},"s":{"0":5,"1":9,"2":5},"f":{"0":9},"b":{}}
}
