TN:
SF:src\domain\service\auth\checkCredentials.ts
FN:10,(anonymous_22)
FN:11,(anonymous_23)
FNF:2
FNH:2
FNDA:1,(anonymous_22)
FNDA:2,(anonymous_23)
DA:2,1
DA:10,1
DA:11,1
DA:12,1
DA:31,1
DA:32,1
DA:35,0
DA:37,0
DA:38,0
DA:41,0
LF:10
LH:6
BRDA:12,0,0,1
BRDA:31,1,0,1
BRDA:31,2,0,1
BRDA:31,2,1,0
BRDA:35,3,0,0
BRDA:35,3,1,0
BRDA:35,4,0,0
BRDA:35,4,1,0
BRDA:37,5,0,0
BRF:9
BRH:3
end_of_record
TN:
SF:src\domain\service\taskCategory\category.ts
FN:7,(anonymous_13)
FN:8,(anonymous_14)
FN:8,(anonymous_15)
FN:22,(anonymous_17)
FN:23,(anonymous_18)
FN:23,(anonymous_19)
FNF:6
FNH:6
FNDA:1,(anonymous_13)
FNDA:1,(anonymous_14)
FNDA:1,(anonymous_15)
FNDA:1,(anonymous_17)
FNDA:1,(anonymous_18)
FNDA:1,(anonymous_19)
DA:7,1
DA:8,1
DA:9,1
DA:22,1
DA:23,1
DA:24,1
DA:26,1
DA:33,1
LF:8
LH:8
BRDA:9,0,0,1
BRDA:9,0,1,1
BRF:2
BRH:2
end_of_record
TN:
SF:src\domain\service\taskStatus\status.ts
FN:7,(anonymous_13)
FN:8,(anonymous_14)
FN:8,(anonymous_15)
FN:22,(anonymous_17)
FN:23,(anonymous_18)
FN:23,(anonymous_19)
FNF:6
FNH:6
FNDA:1,(anonymous_13)
FNDA:1,(anonymous_14)
FNDA:1,(anonymous_15)
FNDA:1,(anonymous_17)
FNDA:1,(anonymous_18)
FNDA:1,(anonymous_19)
DA:7,1
DA:8,1
DA:9,1
DA:22,1
DA:23,1
DA:24,1
DA:26,1
DA:33,1
LF:8
LH:8
BRDA:9,0,0,1
BRDA:9,0,1,1
BRF:2
BRH:2
end_of_record
TN:
SF:src\domain\service\tasks\tasks.ts
FN:5,(anonymous_13)
FN:6,(anonymous_14)
FN:6,(anonymous_15)
FN:12,(anonymous_17)
FN:13,(anonymous_18)
FN:13,(anonymous_19)
FNF:6
FNH:6
FNDA:1,(anonymous_13)
FNDA:1,(anonymous_14)
FNDA:1,(anonymous_15)
FNDA:1,(anonymous_17)
FNDA:1,(anonymous_18)
FNDA:1,(anonymous_19)
DA:5,1
DA:6,1
DA:7,1
DA:12,1
DA:13,1
DA:14,1
DA:16,1
LF:7
LH:7
BRDA:7,0,0,1
BRDA:7,0,1,1
BRDA:16,1,0,1
BRF:3
BRH:3
end_of_record
TN:
SF:src\domain\service\vote\vote.ts
FN:7,(anonymous_13)
FN:8,(anonymous_14)
FN:8,(anonymous_15)
FN:16,(anonymous_17)
FN:17,(anonymous_18)
FN:17,(anonymous_19)
FNF:6
FNH:6
FNDA:1,(anonymous_13)
FNDA:1,(anonymous_14)
FNDA:1,(anonymous_15)
FNDA:1,(anonymous_17)
FNDA:1,(anonymous_18)
FNDA:1,(anonymous_19)
DA:7,1
DA:8,1
DA:9,1
DA:16,1
DA:17,1
DA:18,1
LF:6
LH:6
BRDA:9,0,0,1
BRDA:9,0,1,1
BRDA:18,1,0,1
BRDA:18,1,1,1
BRF:4
BRH:4
end_of_record
TN:
SF:src\utils\tests.ts
FN:3,(anonymous_0)
FNF:1
FNH:1
FNDA:9,(anonymous_0)
DA:3,9
LF:1
LH:1
BRF:0
BRH:0
end_of_record
